<?xml version="1.0" encoding="UTF-8"?>
<testng-results ignored="0" total="1" passed="1" failed="0" skipped="0">
  <reporter-output>
  </reporter-output>
  <suite started-at="2023-04-25T00:02:20 IST" name="Default suite" finished-at="2023-04-25T00:02:25 IST" duration-ms="4903">
    <groups>
    </groups>
    <test started-at="2023-04-25T00:02:20 IST" name="Default test" finished-at="2023-04-25T00:02:25 IST" duration-ms="4903">
      <class name="com.rs.non_bdd.GetAllEmployees">
        <test-method signature="getAllEmployees()[pri:0, instance:com.rs.non_bdd.GetAllEmployees@1eb5174b]" started-at="2023-04-25T00:02:20 IST" name="getAllEmployees" finished-at="2023-04-25T00:02:25 IST" duration-ms="4831" status="PASS">
          <reporter-output>
          </reporter-output>
        </test-method> <!-- getAllEmployees -->
      </class> <!-- com.rs.non_bdd.GetAllEmployees -->
    </test> <!-- Default test -->
  </suite> <!-- Default suite -->
</testng-results>
